<?xml version="1.0" encoding="UTF-8"?>
<!-- Generated by org.testng.reporters.JUnitReportReporter -->
<testsuite hostname="DESKTOP-HEH8U54" failures="0" tests="1" name="com.actitime.testscript.CustomerModule" time="12.945" errors="0" timestamp="2023-05-31T12:33:23 IST" skipped="0">
  <testcase classname="com.actitime.testscript.CustomerModule" name="testCustomerModule" time="12.945"/>
  <system-out>
    <![CDATA[createCustomer]]>
  </system-out>
</testsuite> <!-- com.actitime.testscript.CustomerModule -->
